<?xml version="1.0" encoding="UTF-8"?>
<!-- Generated by org.testng.reporters.JUnitXMLReporter -->
<testsuite ignored="0" hostname="SSTINDIA" failures="1" tests="4" name="Test" time="101.41" errors="0" timestamp="2023-07-11T11:25:34 IST">
  <testcase classname="Tests_AHS.Login_test" name="Testsuccessfullogin" time="5.405"/>
  <testcase classname="Tests_AHS.Login_test" name="TestUnsuccessfullogin" time="1.79"/>
  <testcase classname="Tests_AHS.Login_test" name="VerifyWrongOtpEnter" time="5.399">
    <failure type="java.lang.AssertionError" message="expected [Invalid username or password] but found [REVIEW DEMOGRAPHICS]">
      <![CDATA[java.lang.AssertionError: expected [Invalid username or password] but found [REVIEW DEMOGRAPHICS]
at Tests_AHS.Login_test.VerifyWrongOtpEnter(Login_test.java:60)
at java.base/java.util.ArrayList.forEach(ArrayList.java:1511)
... Removed 33 stack frames]]>
    </failure>
  </testcase> <!-- VerifyWrongOtpEnter -->
  <testcase classname="Tests_AHS.Add_new_doctor_Test" name="SearchforDoctor" time="43.594"/>
</testsuite> <!-- Test -->
